{"total": {"lines":{"total":908,"covered":800,"skipped":0,"pct":88.1},"statements":{"total":908,"covered":800,"skipped":0,"pct":88.1},"functions":{"total":69,"covered":57,"skipped":0,"pct":82.6},"branches":{"total":184,"covered":121,"skipped":0,"pct":65.76},"branchesTrue":{"total":0,"covered":0,"skipped":0,"pct":100}}
,"/Users/Yousef_1/Downloads/autonomous-platform-fresh-start/packages/gateway/src/server.ts": {"lines":{"total":48,"covered":43,"skipped":0,"pct":89.58},"functions":{"total":0,"covered":0,"skipped":0,"pct":100},"statements":{"total":48,"covered":43,"skipped":0,"pct":89.58},"branches":{"total":10,"covered":8,"skipped":0,"pct":80}}
,"/Users/Yousef_1/Downloads/autonomous-platform-fresh-start/packages/implementer/src/agent.ts": {"lines":{"total":113,"covered":90,"skipped":0,"pct":79.64},"functions":{"total":8,"covered":8,"skipped":0,"pct":100},"statements":{"total":113,"covered":90,"skipped":0,"pct":79.64},"branches":{"total":22,"covered":14,"skipped":0,"pct":63.63}}
,"/Users/Yousef_1/Downloads/autonomous-platform-fresh-start/packages/implementer/src/publisher.ts": {"lines":{"total":7,"covered":7,"skipped":0,"pct":100},"functions":{"total":2,"covered":2,"skipped":0,"pct":100},"statements":{"total":7,"covered":7,"skipped":0,"pct":100},"branches":{"total":2,"covered":2,"skipped":0,"pct":100}}
,"/Users/Yousef_1/Downloads/autonomous-platform-fresh-start/packages/implementer/src/server.ts": {"lines":{"total":42,"covered":40,"skipped":0,"pct":95.23},"functions":{"total":0,"covered":0,"skipped":0,"pct":100},"statements":{"total":42,"covered":40,"skipped":0,"pct":95.23},"branches":{"total":5,"covered":4,"skipped":0,"pct":80}}
,"/Users/Yousef_1/Downloads/autonomous-platform-fresh-start/packages/implementer/src/tools.ts": {"lines":{"total":171,"covered":171,"skipped":0,"pct":100},"functions":{"total":8,"covered":8,"skipped":0,"pct":100},"statements":{"total":171,"covered":171,"skipped":0,"pct":100},"branches":{"total":21,"covered":21,"skipped":0,"pct":100}}
,"/Users/Yousef_1/Downloads/autonomous-platform-fresh-start/packages/implementer/src/types.ts": {"lines":{"total":0,"covered":0,"skipped":0,"pct":100},"functions":{"total":1,"covered":1,"skipped":0,"pct":100},"statements":{"total":0,"covered":0,"skipped":0,"pct":100},"branches":{"total":1,"covered":1,"skipped":0,"pct":100}}
,"/Users/Yousef_1/Downloads/autonomous-platform-fresh-start/packages/mca/src/server.ts": {"lines":{"total":108,"covered":86,"skipped":0,"pct":79.62},"functions":{"total":10,"covered":4,"skipped":0,"pct":40},"statements":{"total":108,"covered":86,"skipped":0,"pct":79.62},"branches":{"total":20,"covered":10,"skipped":0,"pct":50}}
,"/Users/Yousef_1/Downloads/autonomous-platform-fresh-start/packages/planner/src/plan.ts": {"lines":{"total":1,"covered":1,"skipped":0,"pct":100},"functions":{"total":0,"covered":0,"skipped":0,"pct":100},"statements":{"total":1,"covered":1,"skipped":0,"pct":100},"branches":{"total":0,"covered":0,"skipped":0,"pct":100}}
,"/Users/Yousef_1/Downloads/autonomous-platform-fresh-start/packages/planner/src/server.ts": {"lines":{"total":106,"covered":89,"skipped":0,"pct":83.96},"functions":{"total":0,"covered":0,"skipped":0,"pct":100},"statements":{"total":106,"covered":89,"skipped":0,"pct":83.96},"branches":{"total":17,"covered":9,"skipped":0,"pct":52.94}}
,"/Users/Yousef_1/Downloads/autonomous-platform-fresh-start/packages/shared/src/db.ts": {"lines":{"total":26,"covered":23,"skipped":0,"pct":88.46},"functions":{"total":4,"covered":3,"skipped":0,"pct":75},"statements":{"total":26,"covered":23,"skipped":0,"pct":88.46},"branches":{"total":6,"covered":3,"skipped":0,"pct":50}}
,"/Users/Yousef_1/Downloads/autonomous-platform-fresh-start/packages/shared/src/env.ts": {"lines":{"total":21,"covered":20,"skipped":0,"pct":95.23},"functions":{"total":0,"covered":0,"skipped":0,"pct":100},"statements":{"total":21,"covered":20,"skipped":0,"pct":95.23},"branches":{"total":11,"covered":0,"skipped":0,"pct":0}}
,"/Users/Yousef_1/Downloads/autonomous-platform-fresh-start/packages/shared/src/events.ts": {"lines":{"total":24,"covered":24,"skipped":0,"pct":100},"functions":{"total":4,"covered":4,"skipped":0,"pct":100},"statements":{"total":24,"covered":24,"skipped":0,"pct":100},"branches":{"total":6,"covered":5,"skipped":0,"pct":83.33}}
,"/Users/Yousef_1/Downloads/autonomous-platform-fresh-start/packages/shared/src/index.ts": {"lines":{"total":9,"covered":0,"skipped":0,"pct":0},"functions":{"total":1,"covered":0,"skipped":0,"pct":0},"statements":{"total":9,"covered":0,"skipped":0,"pct":0},"branches":{"total":1,"covered":0,"skipped":0,"pct":0}}
,"/Users/Yousef_1/Downloads/autonomous-platform-fresh-start/packages/shared/src/langfuse.ts": {"lines":{"total":17,"covered":15,"skipped":0,"pct":88.23},"functions":{"total":1,"covered":1,"skipped":0,"pct":100},"statements":{"total":17,"covered":15,"skipped":0,"pct":88.23},"branches":{"total":4,"covered":3,"skipped":0,"pct":75}}
,"/Users/Yousef_1/Downloads/autonomous-platform-fresh-start/packages/shared/src/logger.ts": {"lines":{"total":8,"covered":8,"skipped":0,"pct":100},"functions":{"total":1,"covered":1,"skipped":0,"pct":100},"statements":{"total":8,"covered":8,"skipped":0,"pct":100},"branches":{"total":1,"covered":1,"skipped":0,"pct":100}}
,"/Users/Yousef_1/Downloads/autonomous-platform-fresh-start/packages/shared/src/minioClient.ts": {"lines":{"total":22,"covered":22,"skipped":0,"pct":100},"functions":{"total":2,"covered":2,"skipped":0,"pct":100},"statements":{"total":22,"covered":22,"skipped":0,"pct":100},"branches":{"total":4,"covered":3,"skipped":0,"pct":75}}
,"/Users/Yousef_1/Downloads/autonomous-platform-fresh-start/packages/shared/src/otel.ts": {"lines":{"total":20,"covered":14,"skipped":0,"pct":70},"functions":{"total":2,"covered":1,"skipped":0,"pct":50},"statements":{"total":20,"covered":14,"skipped":0,"pct":70},"branches":{"total":3,"covered":1,"skipped":0,"pct":33.33}}
,"/Users/Yousef_1/Downloads/autonomous-platform-fresh-start/packages/shared/src/plan.ts": {"lines":{"total":12,"covered":12,"skipped":0,"pct":100},"functions":{"total":0,"covered":0,"skipped":0,"pct":100},"statements":{"total":12,"covered":12,"skipped":0,"pct":100},"branches":{"total":0,"covered":0,"skipped":0,"pct":100}}
,"/Users/Yousef_1/Downloads/autonomous-platform-fresh-start/packages/shared/src/vfs.ts": {"lines":{"total":8,"covered":0,"skipped":0,"pct":0},"functions":{"total":1,"covered":0,"skipped":0,"pct":0},"statements":{"total":8,"covered":0,"skipped":0,"pct":0},"branches":{"total":1,"covered":0,"skipped":0,"pct":0}}
,"/Users/Yousef_1/Downloads/autonomous-platform-fresh-start/packages/vfs/src/index.ts": {"lines":{"total":2,"covered":0,"skipped":0,"pct":0},"functions":{"total":1,"covered":0,"skipped":0,"pct":0},"statements":{"total":2,"covered":0,"skipped":0,"pct":0},"branches":{"total":1,"covered":0,"skipped":0,"pct":0}}
,"/Users/Yousef_1/Downloads/autonomous-platform-fresh-start/packages/vfs/src/interface.ts": {"lines":{"total":0,"covered":0,"skipped":0,"pct":100},"functions":{"total":1,"covered":1,"skipped":0,"pct":100},"statements":{"total":0,"covered":0,"skipped":0,"pct":100},"branches":{"total":1,"covered":1,"skipped":0,"pct":100}}
,"/Users/Yousef_1/Downloads/autonomous-platform-fresh-start/packages/vfs/src/minio.ts": {"lines":{"total":143,"covered":135,"skipped":0,"pct":94.4},"functions":{"total":22,"covered":21,"skipped":0,"pct":95.45},"statements":{"total":143,"covered":135,"skipped":0,"pct":94.4},"branches":{"total":47,"covered":35,"skipped":0,"pct":74.46}}
}
