{"total": {"lines":{"total":367,"covered":314,"skipped":0,"pct":85.55},"statements":{"total":367,"covered":314,"skipped":0,"pct":85.55},"functions":{"total":20,"covered":13,"skipped":0,"pct":65},"branches":{"total":71,"covered":37,"skipped":0,"pct":52.11},"branchesTrue":{"total":0,"covered":0,"skipped":0,"pct":100}}
,"/Users/Yousef_1/Downloads/autonomous-platform-fresh-start/packages/gateway/src/server.ts": {"lines":{"total":42,"covered":38,"skipped":0,"pct":90.47},"functions":{"total":0,"covered":0,"skipped":0,"pct":100},"statements":{"total":42,"covered":38,"skipped":0,"pct":90.47},"branches":{"total":10,"covered":8,"skipped":0,"pct":80}}
,"/Users/Yousef_1/Downloads/autonomous-platform-fresh-start/packages/mca/src/server.ts": {"lines":{"total":69,"covered":49,"skipped":0,"pct":71.01},"functions":{"total":6,"covered":1,"skipped":0,"pct":16.66},"statements":{"total":69,"covered":49,"skipped":0,"pct":71.01},"branches":{"total":9,"covered":4,"skipped":0,"pct":44.44}}
,"/Users/Yousef_1/Downloads/autonomous-platform-fresh-start/packages/planner/src/plan.ts": {"lines":{"total":12,"covered":12,"skipped":0,"pct":100},"functions":{"total":0,"covered":0,"skipped":0,"pct":100},"statements":{"total":12,"covered":12,"skipped":0,"pct":100},"branches":{"total":0,"covered":0,"skipped":0,"pct":100}}
,"/Users/Yousef_1/Downloads/autonomous-platform-fresh-start/packages/planner/src/server.ts": {"lines":{"total":106,"covered":89,"skipped":0,"pct":83.96},"functions":{"total":0,"covered":0,"skipped":0,"pct":100},"statements":{"total":106,"covered":89,"skipped":0,"pct":83.96},"branches":{"total":17,"covered":9,"skipped":0,"pct":52.94}}
,"/Users/Yousef_1/Downloads/autonomous-platform-fresh-start/packages/shared/src/db.ts": {"lines":{"total":26,"covered":23,"skipped":0,"pct":88.46},"functions":{"total":4,"covered":3,"skipped":0,"pct":75},"statements":{"total":26,"covered":23,"skipped":0,"pct":88.46},"branches":{"total":6,"covered":3,"skipped":0,"pct":50}}
,"/Users/Yousef_1/Downloads/autonomous-platform-fresh-start/packages/shared/src/env.ts": {"lines":{"total":21,"covered":20,"skipped":0,"pct":95.23},"functions":{"total":0,"covered":0,"skipped":0,"pct":100},"statements":{"total":21,"covered":20,"skipped":0,"pct":95.23},"branches":{"total":11,"covered":0,"skipped":0,"pct":0}}
,"/Users/Yousef_1/Downloads/autonomous-platform-fresh-start/packages/shared/src/events.ts": {"lines":{"total":24,"covered":24,"skipped":0,"pct":100},"functions":{"total":4,"covered":4,"skipped":0,"pct":100},"statements":{"total":24,"covered":24,"skipped":0,"pct":100},"branches":{"total":6,"covered":5,"skipped":0,"pct":83.33}}
,"/Users/Yousef_1/Downloads/autonomous-platform-fresh-start/packages/shared/src/langfuse.ts": {"lines":{"total":17,"covered":15,"skipped":0,"pct":88.23},"functions":{"total":1,"covered":1,"skipped":0,"pct":100},"statements":{"total":17,"covered":15,"skipped":0,"pct":88.23},"branches":{"total":4,"covered":3,"skipped":0,"pct":75}}
,"/Users/Yousef_1/Downloads/autonomous-platform-fresh-start/packages/shared/src/logger.ts": {"lines":{"total":8,"covered":8,"skipped":0,"pct":100},"functions":{"total":1,"covered":1,"skipped":0,"pct":100},"statements":{"total":8,"covered":8,"skipped":0,"pct":100},"branches":{"total":1,"covered":1,"skipped":0,"pct":100}}
,"/Users/Yousef_1/Downloads/autonomous-platform-fresh-start/packages/shared/src/minioClient.ts": {"lines":{"total":22,"covered":22,"skipped":0,"pct":100},"functions":{"total":2,"covered":2,"skipped":0,"pct":100},"statements":{"total":22,"covered":22,"skipped":0,"pct":100},"branches":{"total":4,"covered":3,"skipped":0,"pct":75}}
,"/Users/Yousef_1/Downloads/autonomous-platform-fresh-start/packages/shared/src/otel.ts": {"lines":{"total":20,"covered":14,"skipped":0,"pct":70},"functions":{"total":2,"covered":1,"skipped":0,"pct":50},"statements":{"total":20,"covered":14,"skipped":0,"pct":70},"branches":{"total":3,"covered":1,"skipped":0,"pct":33.33}}
}
